VACS 2650 Cross Assembler V1.24j/w32                                           Page 1

0000              
0000              ; firmware for the Signetics 2650 single board computer
0000              ;
0000              ;
0000              ; memory map:
0000              ;   0000-03FF   PIPBUG in EPROM
0000              ;   0400-043F   PIPBUG scratch pad RAM
0000              ;   0440-07FF   available RAM (0500-07FF used by BASIC as scra
0000              ;   0800-1FFF   MicroWorld BASIC interpreter in RAM
0000              ;   2000-5FFF   BASIC source program storage RAM
0000              ;   6000-7EFF   Additional RAM
0000              
0000              
0000 000000000000             ds  $0400-$,0               
0400                          org $400                ;adjusted to incorporate R
0400                          
0400              
0400                         ;MicroWorld BASIC
0400                          ;org $0800
0400 3F158ECE6748 basic:      db $3F,$15,$8E,$CE,$67,$48,$FA,$7B,$04,$04,$3F,$08
0410 0402933F13FA             db $04,$02,$93,$3F,$13,$FA,$04,$3E,$CC,$07,$69,$04
0420 3F08A99E1415             db $3F,$08,$A9,$9E,$14,$15,$3F,$09,$6B,$0C,$07,$6C
0430 6C1B5A3B350E             db $6C,$1B,$5A,$3B,$35,$0E,$67,$49,$CF,$67,$49,$0E
0440 497510177712             db $49,$75,$10,$17,$77,$12,$3B,$24,$0E,$67,$49,$EF
0450 0E2749EF2749             db $0E,$27,$49,$EF,$27,$49,$75,$10,$17,$3B,$0F,$0E
0460 490E346FCF27             db $49,$0E,$34,$6F,$CF,$27,$49,$75,$10,$17,$77,$10
0470 0F505050D2C3             db $0F,$50,$50,$50,$D2,$C3,$17,$3B,$71,$0E,$27,$49
0480 674977080E47             db $67,$49,$77,$08,$0E,$47,$49,$8F,$47,$49,$CF,$67
0490 3B5877090F27             db $3B,$58,$77,$09,$0F,$27,$49,$AE,$27,$49,$CF,$67
04A0 AE4749CF6749             db $AE,$47,$49,$CF,$67,$49,$75,$19,$17,$06,$00,$3F
04B0 693F85D23F85             db $69,$3F,$85,$D2,$3F,$85,$D0,$E4,$1B,$14,$E4,$7F
04C0 980BE600186E             db $98,$0B,$E6,$00,$18,$6E,$3F,$85,$D2,$A6,$01,$1B
04D0 CE24FFE40D98             db $CE,$24,$FF,$E4,$0D,$98,$5A,$CE,$07,$6A,$77,$80
04E0 2A3F85D2FA79             db $2A,$3F,$85,$D2,$FA,$79,$1B,$41,$20,$C1,$C3,$0E
04F0 1A19E4091915             db $1A,$19,$E4,$09,$19,$15,$77,$08,$75,$01,$D3,$D1
0500 D3D163C37508             db $D3,$D1,$63,$C3,$75,$08,$3F,$0A,$B8,$1B,$60,$CD
0510 56170C074DCC             db $56,$17,$0C,$07,$4D,$CC,$07,$51,$20,$CC,$07,$52
0520 3B703F0AB80E             db $3B,$70,$3F,$0A,$B8,$0E,$E7,$51,$E4,$03,$14,$E4
0530 0751CC074DCE             db $07,$51,$CC,$07,$4D,$CE,$07,$4E,$77,$80,$17,$3F
0540 B80EE751E403             db $B8,$0E,$E7,$51,$E4,$03,$14,$E4,$0D,$18,$05,$3F
0550 77801705013F             db $77,$80,$17,$05,$01,$3F,$08,$6C,$0E,$27,$49,$81
0560 08208E4749CF             db $08,$20,$8E,$47,$49,$CF,$47,$49,$75,$08,$17,$04
0570 06000C0500E4             db $06,$00,$0C,$05,$00,$E4,$39,$1D,$09,$BD,$0C,$07
0580 440FCC076C3F             db $44,$0F,$CC,$07,$6C,$3F,$08,$E8,$01,$63,$1C,$14
0590 CC05A03B0C3C             db $CC,$05,$A0,$3B,$0C,$3C,$0A,$72,$0C,$05,$A0,$E4
05A0 170476BB7D3F             db $17,$04,$76,$BB,$7D,$3F,$09,$12,$3F,$0A,$B8,$3F
05B0 3F084415143F             db $3F,$08,$44,$15,$14,$3F,$09,$20,$98,$6E,$77,$80
05C0 4500CF65A15B             db $45,$00,$CF,$65,$A1,$5B,$78,$3F,$0C,$6F,$5D,$0B
05D0 E44F1814E44E             db $E4,$4F,$18,$14,$E4,$4E,$98,$2A,$04,$02,$C1,$CC
05E0 CC874D0403CD             db $CC,$87,$4D,$04,$03,$CD,$E7,$49,$0C,$87,$49,$E4
05F0 3F0BA63F0920             db $3F,$0B,$A6,$3F,$09,$20,$98,$7B,$0C,$07,$51,$CC
0600 4C17E44C9808             db $4C,$17,$E4,$4C,$98,$08,$0D,$05,$01,$E5,$4F,$1C
0610 6C1C1411E44C             db $6C,$1C,$14,$11,$E4,$4C,$9C,$0B,$68,$0E,$A7,$51
0620 3F0C853F1112             db $3F,$0C,$85,$3F,$11,$12,$E4,$31,$1A,$23,$3F,$08
0630 3F09A104403F             db $3F,$09,$A1,$04,$40,$3F,$08,$59,$0E,$05,$A0,$0E
0640 1A1386013F08             db $1A,$13,$86,$01,$3F,$08,$E8,$04,$76,$BB,$7D,$1B
0650 0757CC07583F             db $07,$57,$CC,$07,$58,$3F,$09,$12,$12,$15,$3F,$0A
0660 04763F084415             db $04,$76,$3F,$08,$44,$15,$3F,$09,$12,$3F,$09,$3B
0670 1B660472BB7D             db $1B,$66,$04,$72,$BB,$7D,$04,$32,$BB,$7D,$3F,$09
0680 7D0451BB7D3B             db $7D,$04,$51,$BB,$7D,$3B,$04,$04,$27,$9B,$7D,$3B
VACS 2650 Cross Assembler V1.24j/w32                                           Page 2

0690 E751CFE74FDB             db $E7,$51,$CF,$E7,$4F,$DB,$08,$0C,$07,$4F,$84,$01
06A0 17F96C0C0753             db $17,$F9,$6C,$0C,$07,$53,$EC,$07,$51,$98,$64,$0E
06B0 4FCF07500413             db $4F,$CF,$07,$50,$04,$13,$9B,$7D,$DA,$08,$0C,$07
06C0 07511775080E             db $07,$51,$17,$75,$08,$0E,$07,$52,$0F,$07,$50,$20
06D0 07500C0754A2             db $07,$50,$0C,$07,$54,$A2,$C1,$17,$04,$41,$BB,$7D
06E0 FFCC874FEC87             db $FF,$CC,$87,$4F,$EC,$87,$4F,$9C,$14,$05,$04,$13
06F0 98070C0753EC             db $98,$07,$0C,$07,$53,$EC,$07,$51,$14,$0E,$E7,$51
0700 0F0EC751CFC7             db $0F,$0E,$C7,$51,$CF,$C7,$4F,$D9,$07,$0C,$07,$53
0710 5B080C074FA4             db $5B,$08,$0C,$07,$4F,$A4,$01,$CC,$07,$4F,$5A,$65
0720 0C0751A401CC             db $0C,$07,$51,$A4,$01,$CC,$07,$51,$17,$0D,$07,$6A
0730 09550452BB7D             db $09,$55,$04,$52,$BB,$7D,$3F,$0A,$D8,$0D,$07,$6A
0740 123F0AB80F25             db $12,$3F,$0A,$B8,$0F,$25,$00,$CE,$E7,$51,$F9,$75
0750 603F08903F19             db $60,$3F,$08,$90,$3F,$19,$C9,$3F,$11,$AA,$0D,$07
0760 25003F85D2F9             db $25,$00,$3F,$85,$D2,$F9,$78,$17,$E4,$53,$98,$17
0770 411C14893F13             db $41,$1C,$14,$89,$3F,$13,$82,$04,$61,$3B,$52,$04
0780 1A4B17E44398             db $1A,$4B,$17,$E4,$43,$98,$12,$0C,$07,$6C,$F4,$40
0790 2BBB7D3F0912             db $2B,$BB,$7D,$3F,$09,$12,$1F,$0C,$31,$E4,$52,$9C
07A0 3F13821F0C22             db $3F,$13,$82,$1F,$0C,$22,$20,$CC,$07,$6F,$CC,$05
07B0 00CD6649D978             db $00,$CD,$66,$49,$D9,$78,$07,$2D,$04,$40,$CD,$66
07C0 79050404113F             db $79,$05,$04,$04,$11,$3F,$09,$55,$0C,$07,$4C,$44
07D0 0481BB7D04C1             db $04,$81,$BB,$7D,$04,$C1,$BB,$7D,$04,$90,$1F,$09
07E0 1C1411190404             db $1C,$14,$11,$19,$04,$04,$1D,$BB,$7D,$04,$21,$3F
07F0 0D076AD9030D             db $0D,$07,$6A,$D9,$03,$0D,$64,$FF,$CD,$65,$50,$F9
0800 05503F13821B             db $05,$50,$3F,$13,$82,$1B,$1B,$3F,$09,$12,$3B,$05
0810 120EE751E40D             db $12,$0E,$E7,$51,$E4,$0D,$14,$E4,$3A,$14,$3F,$0A
0820 09203F09123F             db $09,$20,$3F,$09,$12,$3F,$16,$6F,$18,$7B,$12,$9E
0830 2F0EE751E403             db $2F,$0E,$E7,$51,$E4,$03,$1C,$13,$CE,$20,$CC,$07
0840 070EE751CD25             db $07,$0E,$E7,$51,$CD,$25,$A1,$3F,$0A,$B8,$FB,$75
0850 419A093F0912             db $41,$9A,$09,$3F,$09,$12,$0E,$E7,$51,$1F,$0E,$BB
0860 12011C13903F             db $12,$01,$1C,$13,$90,$3F,$0A,$B8,$F9,$7B,$3B,$19
0870 FF05000F2C93             db $FF,$05,$00,$0F,$2C,$93,$14,$ED,$25,$A0,$18,$77
0880 7B87031B6C0E             db $7B,$87,$03,$1B,$6C,$0E,$E7,$51,$E4,$20,$16,$15
0890 BA1B724E4558             db $BA,$1B,$72,$4E,$45,$58,$54,$00,$1F,$0E,$6D,$47
08A0 1F0D39544845             db $1F,$0D,$39,$54,$48,$45,$4E,$00,$1F,$0D,$33,$50
08B0 001F1142464F             db $00,$1F,$11,$42,$46,$4F,$52,$00,$1F,$0E,$30,$4C
08C0 0EBB4946001F             db $0E,$BB,$49,$46,$00,$1F,$0D,$8A,$47,$4F,$53,$55
08D0 525245545552             db $52,$52,$45,$54,$55,$52,$4E,$00,$1F,$0D,$5F,$50
08E0 1F10DA43414C             db $1F,$10,$DA,$43,$41,$4C,$4C,$00,$1F,$10,$F9,$52
08F0 1F1347524553             db $1F,$13,$47,$52,$45,$53,$54,$4F,$52,$45,$00,$1F
0900 5441001F0C1F             db $54,$41,$00,$1F,$0C,$1F,$44,$49,$4D,$00,$1F,$10
0910 001F0C1F5354             db $00,$1F,$0C,$1F,$53,$54,$4F,$50,$00,$1F,$10,$C3
0920 1F13CE505200             db $1F,$13,$CE,$50,$52,$00,$1F,$11,$42,$49,$4E,$50
0930 125C003F1674             db $12,$5C,$00,$3F,$16,$74,$9C,$0C,$2A,$3F,$08,$E8
0940 04203F09533F             db $04,$20,$3F,$09,$53,$3F,$09,$A1,$1C,$0C,$22,$04
0950 13A404FFCC07             db $13,$A4,$04,$FF,$CC,$07,$67,$3F,$08,$E8,$3F,$0E
0960 323F08590F07             db $32,$3F,$08,$59,$0F,$07,$6F,$18,$0D,$3F,$0F,$2E
0970 FF1C0EB45B73             db $FF,$1C,$0E,$B4,$5B,$73,$1F,$13,$A8,$E4,$3E,$1C
0980 1C159DE43D1C             db $1C,$15,$9D,$E4,$3D,$1C,$15,$9D,$20,$17,$3F,$15
0990 CC05A798100F             db $CC,$05,$A7,$98,$10,$0F,$07,$6A,$CF,$05,$A9,$18
09A0 CF65505B783F             db $CF,$65,$50,$5B,$78,$3F,$0C,$85,$3B,$4F,$1C,$13
09B0 3F0D79BC0C8C             db $3F,$0D,$79,$BC,$0C,$8C,$3F,$15,$B4,$0C,$05,$A7
09C0 B21C13B43F1D             db $B2,$1C,$13,$B4,$3F,$1D,$71,$1B,$22,$0C,$05,$B2
09D0 00EF05A9180F             db $00,$EF,$05,$A9,$18,$0F,$EF,$07,$6A,$18,$0A,$0F
09E0 009808DB6C0C             db $00,$98,$08,$DB,$6C,$0C,$05,$A9,$EC,$07,$6A,$9A
09F0 081804053E1B             db $08,$18,$04,$05,$3E,$1B,$02,$05,$3D,$3F,$15,$AA
0A00 5B771F0C1F04             db $5B,$77,$1F,$0C,$1F,$04,$90,$3F,$09,$53,$1F,$0C
0A10 045354455004             db $04,$53,$54,$45,$50,$04,$44,$41,$54,$41,$3F,$0C
0A20 C10EE751EF2E             db $C1,$0E,$E7,$51,$EF,$2E,$0D,$15,$16,$3F,$0A,$B8
0A30 3F0EC004F3BB             db $3F,$0E,$C0,$04,$F3,$BB,$7D,$07,$00,$3B,$5F,$9C
0A40 B407043F0F3D             db $B4,$07,$04,$3F,$0F,$3D,$07,$03,$3B,$50,$18,$07
VACS 2650 Cross Assembler V1.24j/w32                                           Page 3

0A50 0F1B033F15B4             db $0F,$1B,$03,$3F,$15,$B4,$3B,$03,$1F,$0C,$22,$3F
0A60 2F04E2BB7D04             db $2F,$04,$E2,$BB,$7D,$04,$72,$3F,$08,$59,$1F,$0F
0A70 04323F08593F             db $04,$32,$3F,$08,$59,$3F,$0F,$2E,$04,$7F,$3F,$08
0A80 07F83F0F3D3F             db $07,$F8,$3F,$0F,$3D,$3F,$0F,$49,$07,$04,$3F,$0F
0A90 0F676C9A083F             db $0F,$67,$6C,$9A,$08,$3F,$1D,$71,$99,$09,$1F,$0C
0AA0 1E0C0707083F             db $1E,$0C,$07,$07,$08,$3F,$0F,$3D,$04,$37,$BB,$7D
0AB0 0C3F0F3D042E             db $0C,$3F,$0F,$3D,$04,$2E,$BB,$7D,$1F,$0C,$22,$3B
0AC0 3F0F9F3F0C85             db $3F,$0F,$9F,$3F,$0C,$85,$E4,$3D,$9C,$13,$90,$3F
0AD0 A72C05B21808             db $A7,$2C,$05,$B2,$18,$08,$E4,$FB,$1C,$0F,$2E,$1F
0AE0 2F0472BB7D04             db $2F,$04,$72,$BB,$7D,$04,$2F,$BB,$7D,$0D,$87,$65
0AF0 04423F095504             db $04,$42,$3F,$09,$55,$04,$32,$3F,$09,$53,$04,$51
0B00 0A8B3F0B2904             db $0A,$8B,$3F,$0B,$29,$04,$27,$BB,$7D,$3F,$09,$12
0B10 160D076AAD87             db $16,$0D,$07,$6A,$AD,$87,$65,$77,$08,$A0,$75,$08
0B20 075804C73F08             db $07,$58,$04,$C7,$3F,$08,$77,$0C,$07,$6A,$CC,$87
0B30 0F076F0F4770             db $0F,$07,$6F,$0F,$47,$70,$CD,$C7,$4F,$59,$78,$1B
0B40 E77B1D1394CF             db $E7,$7B,$1D,$13,$94,$CF,$07,$6F,$17,$05,$04,$07
0B50 C757CF477059             db $C7,$57,$CF,$47,$70,$59,$78,$17,$04,$06,$CC,$07
0B60 AA038701C1E5             db $AA,$03,$87,$01,$C1,$E5,$2D,$1A,$04,$A5,$2D,$1B
0B70 1814E3181585             db $18,$14,$E3,$18,$15,$85,$19,$0C,$05,$AA,$84,$01
0B80 2D98621F1398             db $2D,$98,$62,$1F,$13,$98,$03,$CD,$66,$B4,$01,$80
0B90 17E4071D1390             db $17,$E4,$07,$1D,$13,$90,$84,$01,$87,$1A,$F8,$7C
0BA0 41C33F166F18             db $41,$C3,$3F,$16,$6F,$18,$08,$E4,$28,$18,$12,$E4
0BB0 603F0F580437             db $60,$3F,$0F,$58,$04,$37,$BB,$7D,$04,$FF,$1F,$10
0BC0 FB181CCC074F             db $FB,$18,$1C,$CC,$07,$4F,$0F,$26,$FB,$CC,$07,$50
0BD0 19533F19B204             db $19,$53,$3F,$19,$B2,$04,$36,$3F,$08,$77,$04,$83
0BE0 13B004FF1B29             db $13,$B0,$04,$FF,$1B,$29,$3F,$0C,$8C,$E4,$28,$18
0BF0 0859037710C1             db $08,$59,$03,$77,$10,$C1,$04,$EE,$7D,$09,$55,$3F
0C00 680C0757CC07             db $68,$0C,$07,$57,$CC,$07,$67,$75,$10,$04,$FF,$CC
0C10 05A717CF05D5             db $05,$A7,$17,$CF,$05,$D5,$3F,$15,$B4,$0F,$05,$D5
0C20 E6BB7D04F7BB             db $E6,$BB,$7D,$04,$F7,$BB,$7D,$20,$1B,$61,$A4,$41
0C30 E42418180380             db $E4,$24,$18,$18,$03,$80,$C3,$0F,$66,$FB,$98,$16
0C40 66FB0C075ACF             db $66,$FB,$0C,$07,$5A,$CF,$26,$FB,$07,$FF,$1B,$09
0C50 672F9C13B0CF             db $67,$2F,$9C,$13,$B0,$CF,$05,$A7,$3F,$15,$B4,$20
0C60 27553F195A0F             db $27,$55,$3F,$19,$5A,$0F,$05,$A7,$9A,$09,$3F,$19
0C70 7D1B0D0C0756             db $7D,$1B,$0D,$0C,$07,$56,$CF,$67,$2F,$3F,$19,$14
0C80 0431BB7D0436             db $04,$31,$BB,$7D,$04,$36,$3F,$08,$77,$3F,$09,$2F
0C90 09120F05A79A             db $09,$12,$0F,$05,$A7,$9A,$18,$04,$86,$3F,$08,$77
0CA0 770EE751E42C             db $77,$0E,$E7,$51,$E4,$2C,$9C,$0C,$0A,$3F,$0C,$8C
0CB0 0756771020CC             db $07,$56,$77,$10,$20,$CC,$87,$57,$04,$77,$3F,$09
0CC0 711B593F0C11             db $71,$1B,$59,$3F,$0C,$11,$3F,$16,$6F,$18,$7B,$3F
0CD0 BB7D04C1CC07             db $BB,$7D,$04,$C1,$CC,$07,$6C,$1F,$13,$CE,$3B,$17
0CE0 530C0756CC05             db $53,$0C,$07,$56,$CC,$05,$AC,$3F,$19,$53,$0C,$05
0CF0 1F0C0A3F0C8C             db $1F,$0C,$0A,$3F,$0C,$8C,$1F,$15,$B4,$3B,$78,$3F
0D00 2F3F87551F0C             db $2F,$3F,$87,$55,$1F,$0C,$07,$C0,$C0,$C0,$C0,$C0
0D10 C0C00700E423             db $C0,$C0,$07,$00,$E4,$23,$98,$12,$3B,$59,$3F,$19
0D20 E42C3C0AB80F             db $E4,$2C,$3C,$0A,$B8,$0F,$07,$56,$47,$03,$CF,$05
0D30 CC05B8D3D305             db $CC,$05,$B8,$D3,$D3,$05,$FC,$0F,$34,$78,$CD,$64
0D40 0C853B4E1E11             db $0C,$85,$3B,$4E,$1E,$11,$9B,$E4,$3A,$1C,$11,$9B
0D50 05B2BC11AA0D             db $05,$B2,$BC,$11,$AA,$0D,$07,$6A,$18,$11,$01,$8C
0D60 B807FF0F2500             db $B8,$07,$FF,$0F,$25,$00,$3F,$85,$D2,$F9,$78,$0E
0D70 181DE42C9825             db $18,$1D,$E4,$2C,$98,$25,$07,$F3,$87,$0D,$EF,$05
0D80 0E03AF05B8CC             db $0E,$03,$AF,$05,$B8,$CC,$05,$B8,$04,$20,$3F,$85
0D90 0C8C1A0AE43A             db $0C,$8C,$1A,$0A,$E4,$3A,$18,$06,$1F,$11,$4C,$3F
0DA0 D40C05B8CF65             db $D4,$0C,$05,$B8,$CF,$65,$B9,$1F,$0C,$0A,$05,$00
0DB0 6F060005060F             db $6F,$06,$00,$05,$06,$0F,$47,$70,$3B,$3E,$0F,$67
0DC0 503B3559700F             db $50,$3B,$35,$59,$70,$0F,$47,$70,$3F,$0F,$40,$C1
0DD0 201B02042D3F             db $20,$1B,$02,$04,$2D,$3F,$12,$1A,$45,$7F,$E5,$40
0DE0 990805010605             db $99,$08,$05,$01,$06,$05,$3B,$1B,$1B,$3B,$01,$18
0DF0 1A01C23B0E75             db $1A,$01,$C2,$3B,$0E,$75,$10,$17,$44,$0F,$CD,$45
0E00 16C21707FF01             db $16,$C2,$17,$07,$FF,$01,$18,$0C,$0F,$25,$A1,$64
VACS 2650 Cross Assembler V1.24j/w32                                           Page 4

0E10 E214F974042E             db $E2,$14,$F9,$74,$04,$2E,$3B,$02,$1B,$6E,$75,$10
0E20 076A77101704             db $07,$6A,$77,$10,$17,$04,$45,$3B,$71,$0F,$07,$6F
0E30 7FA401C2F640             db $7F,$A4,$01,$C2,$F6,$40,$18,$04,$04,$2B,$1B,$06
0E40 042D3B5620A6             db $04,$2D,$3B,$56,$20,$A6,$0A,$1A,$02,$D8,$7A,$86
0E50 84303B460284             db $84,$30,$3B,$46,$02,$84,$30,$3B,$41,$75,$10,$17
0E60 2298133F15B4             db $22,$98,$13,$3F,$15,$B4,$0D,$07,$6A,$07,$FF,$0F
0E70 D2F9783F0C8C             db $D2,$F9,$78,$3F,$0C,$8C,$3F,$09,$2F,$04,$3F,$CC
0E80 D204203F85D2             db $D2,$04,$20,$3F,$85,$D2,$04,$A0,$3F,$08,$59,$06
0E90 1C13CE190E3B             db $1C,$13,$CE,$19,$0E,$3B,$16,$1C,$11,$9B,$0D,$05
0EA0 25BB7D3F1382             db $25,$BB,$7D,$3F,$13,$82,$1B,$51,$3F,$13,$2F,$1B
0EB0 0452BB7D0EE7             db $04,$52,$BB,$7D,$0E,$E7,$51,$E4,$0D,$14,$E4,$3A
0EC0 3F0C85E42C3C             db $3F,$0C,$85,$E4,$2C,$3C,$0C,$8C,$3F,$09,$2F,$3B
0ED0 0EE751E40D98             db $0E,$E7,$51,$E4,$0D,$98,$02,$00,$17,$0C,$05,$A7
0EE0 B40C05B21803             db $B4,$0C,$05,$B2,$18,$03,$0C,$05,$B3,$1C,$13,$B4
0EF0 2C3C0C8C3B10             db $2C,$3C,$0C,$8C,$3B,$10,$3F,$0F,$2E,$1F,$12,$AD
0F00 07510E075E17             db $07,$51,$0E,$07,$5E,$17,$CE,$07,$5E,$0C,$07,$51
0F10 3F0C85E42218             db $3F,$0C,$85,$E4,$22,$18,$23,$05,$00,$0E,$E7,$51
0F20 E40D180BCD24             db $E4,$0D,$18,$0B,$CD,$24,$FF,$3F,$0A,$B8,$1B,$6D
0F30 076A3B523F0E             db $07,$6A,$3B,$52,$3F,$0E,$E1,$1F,$12,$AD,$3F,$15
0F40 E42C3C0C8C1B             db $E4,$2C,$3C,$0C,$8C,$1B,$6B,$04,$A9,$BB,$7D,$3F
0F50 AD18280425BB             db $AD,$18,$28,$04,$25,$BB,$7D,$3F,$12,$FC,$3F,$16
0F60 083F0E1A9805             db $08,$3F,$0E,$1A,$98,$05,$3F,$13,$06,$1B,$63,$0E
0F70 1868E4031836             db $18,$68,$E4,$03,$18,$36,$3F,$0A,$B8,$1B,$70,$04
0F80 0C0A040D3F85             db $0C,$0A,$04,$0D,$3F,$85,$D2,$20,$CC,$05,$B8,$04
0F90 04001B220407             db $04,$00,$1B,$22,$04,$07,$1B,$1E,$04,$0D,$1B,$1A
0FA0 041B1B12041F             db $04,$1B,$1B,$12,$04,$1F,$1B,$0E,$04,$24,$1B,$0A
0FB0 04431B020447             db $04,$43,$1B,$02,$04,$47,$3B,$2D,$20,$CC,$07,$6F
0FC0 033F0B200EC7             db $03,$3F,$0B,$20,$0E,$C7,$51,$E4,$0D,$19,$74,$3F
0FD0 BB7D0C076C64             db $BB,$7D,$0C,$07,$6C,$64,$80,$CC,$07,$6C,$04,$20
0FE0 09F31F080D75             db $09,$F3,$1F,$08,$0D,$75,$18,$C1,$3B,$10,$3F,$13
0FF0 4C0D741C143F             db $4C,$0D,$74,$1C,$14,$3F,$85,$D2,$D9,$77,$07,$04
1000 65CFFB781704             db $65,$CF,$FB,$78,$17,$04,$3C,$3B,$5C,$04,$01,$1B
1010 0604301B0204             db $06,$04,$30,$1B,$02,$04,$35,$3B,$4C,$1F,$08,$0D
1020 415800535441             db $41,$58,$00,$53,$54,$41,$43,$4B,$20,$4F,$56,$45
1030 57004E455854             db $57,$00,$4E,$45,$58,$54,$00,$41,$52,$47,$00,$4E
1040 52455455524E             db $52,$45,$54,$55,$52,$4E,$00,$44,$41,$54,$41,$00
1050 004255464645             db $00,$42,$55,$46,$46,$45,$52,$00,$4D,$45,$4D,$4F
1060 494D00545950             db $49,$4D,$00,$54,$59,$50,$45,$00,$20,$45,$52,$52
1070 000550076506             db $00,$05,$50,$07,$65,$06,$E1,$20,$00,$02,$86,$02
1080 341516154C15             db $34,$15,$16,$15,$4C,$15,$61,$15,$71,$1F,$14,$AF
1090 09123B88E402             db $09,$12,$3B,$88,$E4,$02,$98,$7A,$3D,$0A,$B8,$3F
10A0 51E403197320             db $51,$E4,$03,$19,$73,$20,$F0,$04,$03,$CE,$E7,$51
10B0 4004FF3F14EC             db $40,$04,$FF,$3F,$14,$EC,$F9,$79,$3F,$09,$12,$04
10C0 E751E4031809             db $E7,$51,$E4,$03,$18,$09,$3B,$EC,$12,$15,$3F,$0A
10D0 503BE120F97B             db $50,$3B,$E1,$20,$F9,$7B,$17,$E4,$0C,$98,$11,$3B
10E0 060205ACF87E             db $06,$02,$05,$AC,$F8,$7E,$F9,$7C,$FA,$78,$1B,$1E
10F0 C205083B183B             db $C2,$05,$08,$3B,$18,$3B,$16,$74,$40,$3B,$12,$52
1100 1B027640F973             db $1B,$02,$76,$40,$F9,$73,$3B,$05,$76,$40,$75,$10
1110 7E0457F87E17             db $7E,$04,$57,$F8,$7E,$17,$77,$10,$05,$00,$06,$08
1120 70121A783B67             db $70,$12,$1A,$78,$3B,$67,$12,$44,$80,$51,$61,$C1
1130 01751017E40A             db $01,$75,$10,$17,$E4,$0A,$14,$77,$10,$57,$A2,$F7
1140 0D1805D4A275             db $0D,$18,$05,$D4,$A2,$75,$10,$17,$D7,$A3,$1B,$79
1150 1A0C0621D6FB             db $1A,$0C,$06,$21,$D6,$FB,$D4,$F8,$56,$F9,$F6,$81
1160 1777100606D6             db $17,$77,$10,$06,$06,$D6,$FB,$56,$F9,$F6,$02,$1A
1170 6D77100603D6             db $6D,$77,$10,$06,$03,$D6,$FB,$D4,$F8,$56,$F9,$F6
1180 5D54F004CAD4             db $5D,$54,$F0,$04,$CA,$D4,$FA,$54,$F4,$64,$F0,$D4
1190 040C3F947B06             db $04,$0C,$3F,$94,$7B,$06,$24,$20,$1F,$08,$03,$4A
11A0 E7141D1394CF             db $E7,$14,$1D,$13,$94,$CF,$67,$EB,$DB,$06,$0F,$07
11B0 CF07EA173B66             db $CF,$07,$EA,$17,$3B,$66,$CC,$07,$6A,$0C,$07,$6F
11C0 053B5A3F0AB8             db $05,$3B,$5A,$3F,$0A,$B8,$3B,$54,$3F,$0C,$85,$E4
VACS 2650 Cross Assembler V1.24j/w32                                           Page 5

11D0 493B4A3F0AB8             db $49,$3B,$4A,$3F,$0A,$B8,$3B,$44,$1B,$06,$3F,$15
11E0 3F16741C1685             db $3F,$16,$74,$1C,$16,$85,$E4,$2E,$1C,$16,$85,$E4
11F0 E4221C1830E4             db $E4,$22,$1C,$18,$30,$E4,$41,$1A,$05,$E4,$5A,$9D
1200 903F17323F15             db $90,$3F,$17,$32,$3F,$15,$AA,$E4,$2A,$3C,$1F,$4D
1210 3D0EE751E42A             db $3D,$0E,$E7,$51,$E4,$2A,$18,$42,$E4,$2F,$1C,$15
1220 E42B3C1DF2E4             db $E4,$2B,$3C,$1D,$F2,$E4,$2D,$3C,$1D,$E5,$E4,$49
1230 51E42B1C15D1             db $51,$E4,$2B,$1C,$15,$D1,$E4,$2D,$1C,$15,$D1,$3F
1240 0C076FAC05B2             db $0C,$07,$6F,$AC,$05,$B2,$CC,$05,$B2,$17,$E4,$28
1250 C01C1743009E             db $C0,$1C,$17,$43,$00,$9E,$13,$90,$44,$1F,$C3,$83
1260 0F0F076F0F67             db $0F,$0F,$07,$6F,$0F,$67,$6C,$24,$80,$CF,$67,$6C
1270 033F0ABA0EE7             db $03,$3F,$0A,$BA,$0E,$E7,$51,$E4,$20,$18,$74,$E4
1280 16A430E01720             db $16,$A4,$30,$E0,$17,$20,$05,$06,$CD,$45,$A1,$59
1290 CC05A83B5F1B             db $CC,$05,$A8,$3B,$5F,$1B,$02,$3B,$56,$18,$0F,$E4
12A0 2E9C16F120CC             db $2E,$9C,$16,$F1,$20,$CC,$05,$A8,$1B,$6D,$58,$0B
12B0 A8986404FF1B             db $A8,$98,$64,$04,$FF,$1B,$0A,$E5,$06,$18,$03,$CD
12C0 A883C31B523F             db $A8,$83,$C3,$1B,$52,$3F,$16,$6F,$18,$11,$E4,$2B
12D0 9C139067803F             db $9C,$13,$90,$67,$80,$3F,$16,$6F,$9C,$13,$90,$C1
12E0 08840AF97CC1             db $08,$84,$0A,$F9,$7C,$C1,$3F,$0C,$8C,$03,$1A,$03
12F0 C3047F433B03             db $C3,$04,$7F,$43,$3B,$03,$1F,$16,$04,$0F,$07,$6F
1300 05FF1B0EE505             db $05,$FF,$1B,$0E,$E5,$05,$18,$0F,$0D,$25,$A1,$D0
1310 25A1CF6770DB             db $25,$A1,$CF,$67,$70,$DB,$6D,$1F,$0F,$40,$44,$1F
1320 0C8755CC05AB             db $0C,$87,$55,$CC,$05,$AB,$20,$0F,$07,$58,$CC,$07
1330 17EC0EE751E4             db $17,$EC,$0E,$E7,$51,$E4,$29,$9C,$13,$90,$1F,$0C
1340 1F15C1F4E018             db $1F,$15,$C1,$F4,$E0,$18,$53,$44,$1F,$80,$C3,$0F
1350 570F26FBCC07             db $57,$0F,$26,$FB,$CC,$07,$58,$3F,$19,$53,$3F,$19
1360 08773B4E1B2B             db $08,$77,$3B,$4E,$1B,$2B,$A4,$41,$C1,$C3,$20,$CC
1370 580C0751CC07             db $58,$0C,$07,$51,$CC,$07,$57,$3F,$0A,$B8,$0E,$E7
1380 0DE4371920E4             db $0D,$E4,$37,$19,$20,$E4,$30,$1A,$1C,$A4,$30,$3F
1390 583F0F493F0C             db $58,$3F,$0F,$49,$3F,$0C,$85,$1F,$16,$04,$0E,$E7
13A0 3F0AB81B69E4             db $3F,$0A,$B8,$1B,$69,$E4,$28,$1C,$17,$3D,$E4,$41
13B0 2418241B5920             db $24,$18,$24,$1B,$59,$20,$CC,$07,$58,$0C,$07,$61
13C0 075701140D46             db $07,$57,$01,$14,$0D,$46,$E1,$83,$C3,$77,$08,$20
13D0 07577508596E             db $07,$57,$75,$08,$59,$6E,$17,$3F,$0C,$8C,$E4,$28
13E0 E01F15C10D66             db $E0,$1F,$15,$C1,$0D,$66,$E1,$CC,$05,$AB,$3B,$49
13F0 05AB81CC076A             db $05,$AB,$81,$CC,$07,$6A,$ED,$07,$6A,$9A,$15,$DB
1400 8401CC07570F             db $84,$01,$CC,$07,$57,$0F,$E7,$57,$CD,$24,$FF,$1B
1410 CD076AE5A01D             db $CD,$07,$6A,$E5,$A0,$1D,$13,$98,$0E,$E7,$51,$E4
1420 07EAA402CC07             db $07,$EA,$A4,$02,$CC,$07,$EA,$1F,$16,$3B,$3F,$0C
1430 0D076A3F0AB8             db $0D,$07,$6A,$3F,$0A,$B8,$0E,$E7,$51,$E4,$22,$18
1440 D9713F0C8C1B             db $D9,$71,$3F,$0C,$8C,$1B,$49,$07,$FF,$05,$01,$0E
1450 57CC07511B03             db $57,$CC,$07,$51,$1B,$03,$3F,$0A,$B8,$0F,$38,$78
1460 5118730F3878             db $51,$18,$73,$0F,$38,$78,$98,$7B,$D9,$61,$E7,$51
1470 0C850164801F             db $0C,$85,$01,$64,$80,$1F,$15,$C1,$49,$4E,$54,$00
1480 434852240052             db $43,$48,$52,$24,$00,$52,$4E,$44,$00,$54,$41,$42
1490 00535152004C             db $00,$53,$51,$52,$00,$4C,$45,$46,$54,$24,$00,$4D
14A0 524947485424             db $52,$49,$47,$48,$54,$24,$00,$53,$49,$4E,$00,$43
14B0 534300535452             db $53,$43,$00,$53,$54,$52,$24,$00,$56,$41,$4C,$00
14C0 00455850004C             db $00,$45,$58,$50,$00,$4C,$4F,$47,$00,$00,$20,$0D
14D0 5A77190E0756             db $5A,$77,$19,$0E,$07,$56,$AE,$07,$5A,$0D,$07,$55
14E0 07590F0756CC             db $07,$59,$0F,$07,$56,$CC,$07,$58,$5A,$0B,$59,$0B
14F0 57CF075817D9             db $57,$CF,$07,$58,$17,$D9,$00,$5B,$08,$0C,$07,$57
1500 570FC7571808             db $57,$0F,$C7,$57,$18,$08,$75,$11,$83,$C3,$85,$00
1510 F9651B580478             db $F9,$65,$1B,$58,$04,$78,$3F,$08,$33,$1B,$16,$0F
1520 8C0758CC0758             db $8C,$07,$58,$CC,$07,$58,$77,$08,$20,$8C,$07,$57
1530 085B6817CF05             db $08,$5B,$68,$17,$CF,$05,$D5,$3B,$5B,$3B,$18,$0F
1540 2FEC07569D13             db $2F,$EC,$07,$56,$9D,$13,$B0,$04,$67,$3F,$08,$77
1550 1A1B4820CC07             db $1A,$1B,$48,$20,$CC,$07,$56,$CC,$07,$55,$05,$06
1560 13B40F477044             db $13,$B4,$0F,$47,$70,$44,$0F,$CD,$45,$A1,$0F,$67
1570 50440FCD45A1             db $50,$44,$0F,$CD,$45,$A1,$59,$6A,$0F,$47,$70,$CF
1580 90182CF44018             db $90,$18,$2C,$F4,$40,$18,$28,$77,$18,$06,$FF,$C3
VACS 2650 Cross Assembler V1.24j/w32                                           Page 6

1590 1CC175010C07             db $1C,$C1,$75,$01,$0C,$07,$56,$8F,$7A,$0C,$CC,$07
15A0 8F7A07CC0755             db $8F,$7A,$07,$CC,$07,$55,$B5,$01,$1C,$13,$98,$F9
15B0 18170F07560D             db $18,$17,$0F,$07,$56,$0D,$07,$55,$75,$01,$77,$08
15C0 7508CF0756CD             db $75,$08,$CF,$07,$56,$CD,$07,$55,$17,$20,$CC,$05
15D0 45A1597B0705             db $45,$A1,$59,$7B,$07,$05,$05,$00,$0F,$5A,$08,$CC
15E0 0DCC07540465             db $0D,$CC,$07,$54,$04,$65,$3F,$08,$44,$19,$07,$04
15F0 D972010D05A8             db $D9,$72,$01,$0D,$05,$A8,$58,$08,$59,$06,$5B,$5A
1600 CD25A0CD05A8             db $CD,$25,$A0,$CD,$05,$A8,$1B,$72,$00,$00,$00,$03
1610 E8101F1AEB1F             db $E8,$10,$1F,$1A,$EB,$1F,$1A,$DD,$1F,$1B,$25,$1F
1620 331F1AF01F1A             db $33,$1F,$1A,$F0,$1F,$1A,$54,$1F,$1B,$99,$1F,$1B
1630 1F1CB51F1CA9             db $1F,$1C,$B5,$1F,$1C,$A9,$1F,$1A,$FF,$1F,$1B,$4C
1640 1B131F1BC91F             db $1B,$13,$1F,$1B,$C9,$1F,$1C,$30,$1F,$1B,$54,$1F
1650 631F1B0E0F07             db $63,$1F,$1B,$0E,$0F,$07,$6F,$0F,$67,$6C,$1E,$13
1660 16011A026480             db $16,$01,$1A,$02,$64,$80,$C1,$45,$01,$A1,$50,$CC
1670 676C3F1CC905             db $67,$6C,$3F,$1C,$C9,$05,$03,$3F,$1D,$0F,$05,$05
1680 1CCE05040F27             db $1C,$CE,$05,$04,$0F,$27,$67,$CF,$67,$6F,$F9,$78
1690 1F3D3F1DF205             db $1F,$3D,$3F,$1D,$F2,$05,$33,$3F,$1D,$0F,$3F,$1F
16A0 F95A0C05AC0F             db $F9,$5A,$0C,$05,$AC,$0F,$07,$6F,$8F,$67,$6C,$44
16B0 1B363F1CC90F             db $1B,$36,$3F,$1C,$C9,$0F,$07,$6E,$0C,$07,$6D,$83
16C0 98008401CC07             db $98,$00,$84,$01,$CC,$07,$6D,$CF,$07,$6E,$CC,$07
16D0 3F19C905FF3F             db $3F,$19,$C9,$05,$FF,$3F,$1D,$0F,$3F,$1F,$3D,$1B
16E0 0F676C447FCF             db $0F,$67,$6C,$44,$7F,$CF,$67,$6C,$1F,$16,$01,$3F
16F0 0C076ACC0756             db $0C,$07,$6A,$CC,$07,$56,$20,$CC,$07,$55,$3F,$19
1700 0500CC075620             db $05,$00,$CC,$07,$56,$20,$CC,$07,$55,$3F,$19,$C9
1710 121B553F1953             db $12,$1B,$55,$3F,$19,$53,$0C,$87,$55,$CC,$07,$56
1720 3F19C91B433F             db $3F,$19,$C9,$1B,$43,$3F,$19,$53,$0C,$07,$56,$0D
1730 FF1B163F1953             db $FF,$1B,$16,$3F,$19,$53,$0C,$07,$56,$05,$00,$AC
1740 C1C30420CF45             db $C1,$C3,$04,$20,$CF,$45,$00,$5B,$7B,$1F,$18,$0D
1750 076A1B753F19             db $07,$6A,$1B,$75,$3F,$19,$53,$0D,$07,$56,$0C,$07
1760 C11B663F1953             db $C1,$1B,$66,$3F,$19,$53,$05,$00,$0F,$07,$6A,$AF
1770 07008701EF07             db $07,$00,$87,$01,$EF,$07,$6A,$19,$50,$0F,$64,$FF
1780 733F19530F07             db $73,$3F,$19,$53,$0F,$07,$56,$05,$00,$EF,$07,$6A
1790 FFCD24FFDB73             db $FF,$CD,$24,$FF,$DB,$73,$CD,$07,$6A,$04,$93,$1F
17A0 1F15C104941F             db $1F,$15,$C1,$04,$94,$1F,$15,$C1,$0F,$07,$6A,$04
17B0 3F092F0404CC             db $3F,$09,$2F,$04,$04,$CC,$07,$51,$06,$FF,$04,$96
17C0 C0C0C0C0C0C0             db $C0,$C0,$C0,$C0,$C0,$C0,$C0,$C0,$C0,$3F,$1C,$DE
17D0 076F0F676C1A             db $07,$6F,$0F,$67,$6C,$1A,$11,$3F,$19,$53,$0C,$07
17E0 3F19C93F1DE5             db $3F,$19,$C9,$3F,$1D,$E5,$1B,$1C,$44,$7F,$CF,$67
17F0 55CC27553F19             db $55,$CC,$27,$55,$3F,$19,$5A,$20,$AC,$07,$56,$CC
1800 C93F1DF23F1C             db $C9,$3F,$1D,$F2,$3F,$1C,$DE,$05,$4B,$04,$05,$3F
1810 3F1D0F3F1DF2             db $3F,$1D,$0F,$3F,$1D,$F2,$3F,$1C,$DE,$3F,$1C,$CE
1820 076F0F676C8C             db $07,$6F,$0F,$67,$6C,$8C,$05,$AC,$44,$7F,$CF,$67
1830 0F076F0F676C             db $0F,$07,$6F,$0F,$67,$6C,$1E,$13,$A0,$E4,$40,$1C
1840 AC0401CF676C             db $AC,$04,$01,$CF,$67,$6C,$3F,$1C,$DE,$05,$1B,$3F
1850 E53F1CCE051B             db $E5,$3F,$1C,$CE,$05,$1B,$3F,$1D,$0F,$3F,$1D,$F2
1860 1CDE3F1CCE3F             db $1C,$DE,$3F,$1C,$CE,$3F,$1C,$CE,$3F,$1F,$4D,$3F
1870 04043F1CEC05             db $04,$04,$3F,$1C,$EC,$05,$33,$3F,$1D,$0F,$3F,$1D
1880 550D05AC1815             db $55,$0D,$05,$AC,$18,$15,$F5,$40,$18,$0E,$A5,$01
1890 19C93F1DF21F             db $19,$C9,$3F,$1D,$F2,$1F,$16,$01,$04,$80,$A1,$84
18A0 3F19C93F1DE5             db $3F,$19,$C9,$3F,$1D,$E5,$1F,$16,$01,$3B,$1E,$05
18B0 3B1C3F1DE53B             db $3B,$1C,$3F,$1D,$E5,$3B,$27,$3B,$15,$3B,$13,$3F
18C0 051304043B26             db $05,$13,$04,$04,$3B,$26,$1F,$16,$01,$3B,$13,$1F
18D0 0F076F0D64B1             db $0F,$07,$6F,$0D,$64,$B1,$CF,$27,$6F,$D9,$78,$1F
18E0 0F076F0F4770             db $0F,$07,$6F,$0F,$47,$70,$CD,$45,$AD,$59,$78,$17
18F0 05A0C23B1A3B             db $05,$A0,$C2,$3B,$1A,$3B,$57,$3F,$1F,$4D,$0D,$05
1900 05AB3B0B3F1D             db $05,$AB,$3B,$0B,$3F,$1D,$F2,$FA,$6C,$0E,$05,$A0
1910 076F1B05F503             db $07,$6F,$1B,$05,$F5,$03,$1C,$0F,$40,$0D,$3D,$21
1920 730565535001             db $73,$05,$65,$53,$50,$01,$10,$00,$00,$80,$16,$66
1930 03FD1980747B             db $03,$FD,$19,$80,$74,$7B,$26,$01,$89,$01,$15,$70
1940 280086859200             db $28,$00,$86,$85,$92,$00,$28,$93,$36,$00,$17,$75
VACS 2650 Cross Assembler V1.24j/w32                                           Page 7

1950 650019133800             db $65,$00,$19,$13,$38,$00,$50,$00,$00,$01,$11,$51
1960 43002536037F             db $43,$00,$25,$36,$03,$7F,$75,$46,$75,$7F,$13,$42
1970 903B2A75020C             db $90,$3B,$2A,$75,$02,$0C,$05,$C4,$EC,$05,$BE,$98
1980 EC05BD980777             db $EC,$05,$BD,$98,$07,$77,$02,$3F,$1E,$61,$18,$04
1990 751077021777             db $75,$10,$77,$02,$17,$77,$10,$07,$01,$05,$C3,$1B
19A0 0205BDCD05CE             db $02,$05,$BD,$CD,$05,$CE,$04,$05,$CC,$05,$CD,$0E
19B0 0E4770CDE5CD             db $0E,$47,$70,$CD,$E5,$CD,$F9,$78,$44,$80,$CD,$A5
19C0 447FF4409802             db $44,$7F,$F4,$40,$98,$02,$64,$80,$CC,$85,$CD,$04
19D0 FB5C021E13B4             db $FB,$5C,$02,$1E,$13,$B4,$CE,$07,$6F,$05,$05,$20
19E0 45C8597B173F             db $45,$C8,$59,$7B,$17,$3F,$1D,$9D,$0C,$05,$BE,$24
19F0 1B033F1D9D75             db $1B,$03,$3F,$1D,$9D,$75,$03,$0D,$05,$C3,$ED,$05
1A00 0E181005BD06             db $0E,$18,$10,$05,$BD,$06,$05,$3F,$1F,$BC,$3F,$1F
1A10 C31B720C05BE             db $C3,$1B,$72,$0C,$05,$BE,$EC,$05,$C4,$98,$0E,$3B
1A20 C33F1FBC3F1F             db $C3,$3F,$1F,$BC,$3F,$1F,$D7,$1B,$1E,$77,$01,$3B
1A30 3D1B140C05BE             db $3D,$1B,$14,$0C,$05,$BE,$CC,$05,$C4,$06,$04,$0E
1A40 C594CE65C55A             db $C5,$94,$CE,$65,$C5,$5A,$74,$1F,$1E,$A7,$75,$01
1A50 510E45C58466             db $51,$0E,$45,$C5,$84,$66,$D1,$8E,$65,$BF,$94,$CE
1A60 1706FC0E64C9             db $17,$06,$FC,$0E,$64,$C9,$EE,$64,$C3,$98,$02,$DA
1A70 06040E45C5AE             db $06,$04,$0E,$45,$C5,$AE,$65,$BF,$94,$CE,$65,$C5
1A80 0705003B5C1A             db $07,$05,$00,$3B,$5C,$1A,$07,$3B,$65,$85,$66,$95
1A90 CCCD05CC05C3             db $CC,$CD,$05,$CC,$05,$C3,$06,$0A,$3F,$1F,$17,$FB
1AA0 07073F1F1DFB             db $07,$07,$3F,$1F,$1D,$FB,$7B,$05,$C3,$06,$07,$3B
1AB0 750A0C05C3E4             db $75,$0A,$0C,$05,$C3,$E4,$3F,$1D,$13,$98,$E4,$C0
1AC0 6C05C40E076F             db $6C,$05,$C4,$0E,$07,$6F,$05,$FF,$E5,$03,$18,$08
1AD0 25C5DA74CE07             db $25,$C5,$DA,$74,$CE,$07,$6F,$04,$02,$93,$17,$20
1AE0 C3F97B04C017             db $C3,$F9,$7B,$04,$C0,$17,$CE,$05,$CF,$CD,$05,$CE
1AF0 75010DA5CD98             db $75,$01,$0D,$A5,$CD,$98,$11,$87,$02,$E5,$05,$98
1B00 CC85CD20CDA5             db $CC,$85,$CD,$20,$CD,$A5,$CD,$17,$44,$F0,$98,$02
1B10 3B0B3B1EFB7A             db $3B,$0B,$3B,$1E,$FB,$7A,$17,$CE,$05,$CF,$CD,$05
1B20 05CF75010EC5             db $05,$CF,$75,$01,$0E,$C5,$CD,$D0,$CE,$E5,$CD,$E6
1B30 6E170C85CD77             db $6E,$17,$0C,$85,$CD,$77,$01,$A4,$01,$CC,$85,$CD
1B40 0780770120AC             db $07,$80,$77,$01,$20,$AC,$05,$BD,$CC,$05,$BD,$1B
1B50 0700770B0318             db $07,$00,$77,$0B,$03,$18,$06,$0C,$05,$BF,$1C,$13
1B60 EC05BE180404             db $EC,$05,$BE,$18,$04,$04,$80,$1B,$01,$20,$CC,$05
1B70 05BD8C05C3CC             db $05,$BD,$8C,$05,$C3,$CC,$05,$C3,$75,$01,$05,$BD
1B80 5F1E7F070805             db $5F,$1E,$7F,$07,$08,$05,$C3,$06,$09,$3B,$31,$FB
1B90 310C05CC180A             db $31,$0C,$05,$CC,$18,$0A,$A4,$0F,$CC,$05,$CC,$3F
1BA0 FB6D1F1EA704             db $FB,$6D,$1F,$1E,$A7,$04,$B6,$05,$04,$8D,$45,$C5
1BB0 04665975B501             db $04,$66,$59,$75,$B5,$01,$16,$3B,$09,$3B,$1C,$17
1BC0 05CE05040601             db $05,$CE,$05,$04,$06,$01,$0E,$A5,$CD,$50,$CE,$E5
1BD0 98747501F96E             db $98,$74,$75,$01,$F9,$6E,$17,$0C,$85,$CD,$75,$01
1BE0 CD173F1D9504             db $CD,$17,$3F,$1D,$95,$04,$04,$CC,$05,$CF,$0C,$05
1BF0 7708E4069E1E             db $77,$08,$E4,$06,$9E,$1E,$A7,$3B,$49,$3B,$5C,$1B
1C00                          
1C00 000000000000             ds  $6000-$,0               ;fill empty space with
6000                          
6000                          org $6000
6000 > 0000                   end            
VACS 2650 Cross Assembler V1.24j/w32                                           Page 8
List of Identifiers

%mwbasic-ram (default) . . . . . = Section  0000-5FFF (Byte)
BASIC. . . . . . . . . . . . . . = Value    00000400 (not used)

Module Name:     *NONAME*
Module Checksum: 000771CB

Friday, October 11, 2024  16:59:03

         409 Source Lines     409 Assembled Lines 
                >>>>   No Assembly Errors Detected.   <<<<
